c:\users\ravan\desktop\new folder (2)\sink_hole_attack_aodv_v12.1\sinkhole_attack_aodv_workspace\bin\bin_x64\aodv.lib
c:\users\ravan\desktop\new folder (2)\sink_hole_attack_aodv_v12.1\sinkhole_attack_aodv_workspace\bin\bin_x64\aodv.exp
c:\users\ravan\desktop\new folder (2)\sink_hole_attack_aodv_v12.1\sinkhole_attack_aodv_workspace\src\simulation\aodv\x64\debug\vc142.pdb
c:\users\ravan\desktop\new folder (2)\sink_hole_attack_aodv_v12.1\sinkhole_attack_aodv_workspace\src\simulation\aodv\x64\debug\vc142.idb
c:\users\ravan\desktop\new folder (2)\sink_hole_attack_aodv_v12.1\sinkhole_attack_aodv_workspace\src\simulation\aodv\x64\debug\rreq.obj
c:\users\ravan\desktop\new folder (2)\sink_hole_attack_aodv_v12.1\sinkhole_attack_aodv_workspace\src\simulation\aodv\x64\debug\rrep.obj
c:\users\ravan\desktop\new folder (2)\sink_hole_attack_aodv_v12.1\sinkhole_attack_aodv_workspace\src\simulation\aodv\x64\debug\routetable.obj
c:\users\ravan\desktop\new folder (2)\sink_hole_attack_aodv_v12.1\sinkhole_attack_aodv_workspace\src\simulation\aodv\x64\debug\routemaint.obj
c:\users\ravan\desktop\new folder (2)\sink_hole_attack_aodv_v12.1\sinkhole_attack_aodv_workspace\src\simulation\aodv\x64\debug\malicious.obj
c:\users\ravan\desktop\new folder (2)\sink_hole_attack_aodv_v12.1\sinkhole_attack_aodv_workspace\src\simulation\aodv\x64\debug\hellomessage.obj
c:\users\ravan\desktop\new folder (2)\sink_hole_attack_aodv_v12.1\sinkhole_attack_aodv_workspace\src\simulation\aodv\x64\debug\generalpacketprocessing.obj
c:\users\ravan\desktop\new folder (2)\sink_hole_attack_aodv_v12.1\sinkhole_attack_aodv_workspace\src\simulation\aodv\x64\debug\fifobuffer.obj
c:\users\ravan\desktop\new folder (2)\sink_hole_attack_aodv_v12.1\sinkhole_attack_aodv_workspace\src\simulation\aodv\x64\debug\aodv_routeerror.obj
c:\users\ravan\desktop\new folder (2)\sink_hole_attack_aodv_v12.1\sinkhole_attack_aodv_workspace\src\simulation\aodv\x64\debug\aodv_checkroutefound.obj
c:\users\ravan\desktop\new folder (2)\sink_hole_attack_aodv_v12.1\sinkhole_attack_aodv_workspace\src\simulation\aodv\x64\debug\aodv.obj
c:\users\ravan\desktop\new folder (2)\sink_hole_attack_aodv_v12.1\sinkhole_attack_aodv_workspace\bin\bin_x64\libaodv.dll
c:\users\ravan\desktop\new folder (2)\sink_hole_attack_aodv_v12.1\sinkhole_attack_aodv_workspace\bin\bin_x64\aodv.pdb
c:\users\hanuman\desktop\file exchange projects_v12.1\sink_hole_attack_aodv_v12.1\sinkhole_attack_aodv_workspace\src\simulation\aodv\x64\debug\aodv.obj
c:\users\hanuman\desktop\file exchange projects_v12.1\sink_hole_attack_aodv_v12.1\sinkhole_attack_aodv_workspace\src\simulation\aodv\x64\debug\aodv_checkroutefound.obj
c:\users\hanuman\desktop\file exchange projects_v12.1\sink_hole_attack_aodv_v12.1\sinkhole_attack_aodv_workspace\src\simulation\aodv\x64\debug\aodv_routeerror.obj
c:\users\hanuman\desktop\file exchange projects_v12.1\sink_hole_attack_aodv_v12.1\sinkhole_attack_aodv_workspace\src\simulation\aodv\x64\debug\fifobuffer.obj
c:\users\hanuman\desktop\file exchange projects_v12.1\sink_hole_attack_aodv_v12.1\sinkhole_attack_aodv_workspace\src\simulation\aodv\x64\debug\generalpacketprocessing.obj
c:\users\hanuman\desktop\file exchange projects_v12.1\sink_hole_attack_aodv_v12.1\sinkhole_attack_aodv_workspace\src\simulation\aodv\x64\debug\hellomessage.obj
c:\users\hanuman\desktop\file exchange projects_v12.1\sink_hole_attack_aodv_v12.1\sinkhole_attack_aodv_workspace\src\simulation\aodv\x64\debug\malicious.obj
c:\users\hanuman\desktop\file exchange projects_v12.1\sink_hole_attack_aodv_v12.1\sinkhole_attack_aodv_workspace\src\simulation\aodv\x64\debug\routemaint.obj
c:\users\hanuman\desktop\file exchange projects_v12.1\sink_hole_attack_aodv_v12.1\sinkhole_attack_aodv_workspace\src\simulation\aodv\x64\debug\routetable.obj
c:\users\hanuman\desktop\file exchange projects_v12.1\sink_hole_attack_aodv_v12.1\sinkhole_attack_aodv_workspace\src\simulation\aodv\x64\debug\rrep.obj
c:\users\hanuman\desktop\file exchange projects_v12.1\sink_hole_attack_aodv_v12.1\sinkhole_attack_aodv_workspace\src\simulation\aodv\x64\debug\rreq.obj
c:\users\hanuman\desktop\file exchange projects_v12.1\sink_hole_attack_aodv_v12.1\sinkhole_attack_aodv_workspace\src\simulation\aodv\x64\debug\vc142.idb
c:\users\hanuman\desktop\file exchange projects_v12.1\sink_hole_attack_aodv_v12.1\sinkhole_attack_aodv_workspace\src\simulation\aodv\x64\debug\vc142.pdb
c:\users\hanuman\desktop\file exchange projects_v12.1\sink_hole_attack_aodv_v12.1\sinkhole_attack_aodv_workspace\src\simulation\aodv\x64\debug\aodv.tlog\aodv.write.1u.tlog
c:\users\hanuman\desktop\file exchange projects_v12.1\sink_hole_attack_aodv_v12.1\sinkhole_attack_aodv_workspace\src\simulation\aodv\x64\debug\aodv.tlog\cl.command.1.tlog
c:\users\hanuman\desktop\file exchange projects_v12.1\sink_hole_attack_aodv_v12.1\sinkhole_attack_aodv_workspace\src\simulation\aodv\x64\debug\aodv.tlog\cl.read.1.tlog
c:\users\hanuman\desktop\file exchange projects_v12.1\sink_hole_attack_aodv_v12.1\sinkhole_attack_aodv_workspace\src\simulation\aodv\x64\debug\aodv.tlog\cl.write.1.tlog
c:\users\hanuman\desktop\file exchange projects_v12.1\sink_hole_attack_aodv_v12.1\sinkhole_attack_aodv_workspace\src\simulation\aodv\x64\debug\aodv.tlog\link.command.1.tlog
c:\users\hanuman\desktop\file exchange projects_v12.1\sink_hole_attack_aodv_v12.1\sinkhole_attack_aodv_workspace\src\simulation\aodv\x64\debug\aodv.tlog\link.read.1.tlog
c:\users\hanuman\desktop\file exchange projects_v12.1\sink_hole_attack_aodv_v12.1\sinkhole_attack_aodv_workspace\src\simulation\aodv\x64\debug\aodv.tlog\link.write.1.tlog
